TN:
SF:dist/utils.js
FN:2,stdChecks
FN:9,checkArray
FN:12,checkProps
FNF:3
FNH:3
FNDA:1,stdChecks
FNDA:1,checkArray
FNDA:1,checkProps
DA:1,1
DA:2,1
DA:3,1
DA:4,1
DA:5,1
DA:6,1
DA:7,1
DA:8,1
DA:9,1
DA:10,1
DA:11,1
DA:12,1
DA:13,1
DA:14,1
DA:15,8
DA:16,8
DA:17,1
DA:18,0
DA:19,0
DA:20,0
DA:21,0
DA:22,0
DA:23,1
LF:23
LH:18
BRDA:2,0,0,1
BRDA:9,1,0,1
BRDA:12,2,0,1
BRDA:14,3,0,8
BRDA:18,4,0,0
BRF:5
BRH:4
end_of_record
TN:
SF:dist/sample/jsonplaceholder.js
FNF:0
FNH:0
DA:1,1
DA:2,1
DA:3,1
DA:4,1
DA:5,1
DA:6,1
DA:7,1
DA:8,1
DA:9,1
DA:10,1
DA:11,1
DA:12,1
DA:13,1
DA:14,1
DA:15,1
DA:16,1
DA:17,1
DA:18,1
DA:19,1
DA:20,1
DA:21,1
DA:22,1
DA:23,1
LF:23
LH:23
BRF:0
BRH:0
end_of_record
