TN:
SF:dist/utils.js
FN:2,stdChecks
FN:9,checkArray
FN:12,checkProps
FNF:3
FNH:3
FNDA:3,stdChecks
FNDA:3,checkArray
FNDA:3,checkProps
DA:1,1
DA:2,1
DA:3,3
DA:4,3
DA:5,3
DA:6,3
DA:7,3
DA:8,3
DA:9,1
DA:10,3
DA:11,3
DA:12,1
DA:13,3
DA:14,3
DA:15,17
DA:16,17
DA:17,3
DA:18,0
DA:19,0
DA:20,0
DA:21,0
DA:22,0
DA:23,3
LF:23
LH:18
BRDA:2,0,0,3
BRDA:9,1,0,3
BRDA:12,2,0,3
BRDA:14,3,0,17
BRDA:18,4,0,0
BRF:5
BRH:4
end_of_record
TN:
SF:dist/sample/jsonplaceholder.js
FNF:0
FNH:0
DA:1,1
DA:2,1
DA:3,1
DA:4,1
DA:5,1
DA:6,1
DA:7,1
DA:8,1
DA:9,1
DA:10,1
DA:11,1
DA:12,1
DA:13,1
DA:14,1
DA:15,1
DA:16,1
DA:17,1
DA:18,1
DA:19,1
DA:20,1
DA:21,1
DA:22,1
DA:23,1
DA:24,1
DA:25,1
DA:26,1
DA:27,1
DA:28,1
DA:29,1
DA:30,1
DA:31,1
DA:32,1
DA:33,1
DA:34,1
DA:35,1
DA:36,1
DA:37,1
DA:38,1
LF:38
LH:38
BRF:0
BRH:0
end_of_record
